mode: atomic
main/main.go:28.26,34.2 5 0
main/main.go:37.14,39.2 0 0
main/main.go:41.13,47.16 3 0
main/main.go:47.16,51.3 2 0
main/main.go:54.2,68.49 5 0
main/main.go:68.49,70.3 1 0
main/main.go:72.2,72.40 1 0
main/main.go:76.84,85.6 4 0
main/main.go:85.6,86.10 1 0
main/main.go:87.27,89.14 2 0
main/main.go:90.24,91.65 1 0
main/main.go:98.43,100.61 2 0
main/main.go:100.61,107.3 2 0
main/main.go:109.2,115.20 3 0
main/main.go:116.14,117.43 1 0
main/main.go:118.10,119.43 1 0
main/main.go:122.2,122.20 1 0
main/config/config.go:48.41,51.16 3 0
main/config/config.go:51.16,53.3 1 0
main/config/config.go:54.2,57.16 3 0
main/config/config.go:57.16,59.50 2 0
main/config/config.go:59.50,60.12 1 0
main/config/config.go:63.3,64.14 2 0
main/config/config.go:64.14,65.12 1 0
main/config/config.go:67.3,72.14 4 0
main/config/config.go:73.18,74.24 1 0
main/config/config.go:75.26,77.18 2 0
main/config/config.go:77.18,79.5 1 0
main/config/config.go:80.4,80.30 1 0
main/config/config.go:81.22,82.28 1 0
main/config/config.go:83.20,84.30 1 0
main/config/config.go:85.28,87.18 2 0
main/config/config.go:87.18,89.5 1 0
main/config/config.go:90.4,90.32 1 0
main/config/config.go:91.20,92.26 1 0
main/config/config.go:93.28,95.18 2 0
main/config/config.go:95.18,97.5 1 0
main/config/config.go:98.4,98.32 1 0
main/config/config.go:99.27,100.33 1 0
main/config/config.go:101.26,102.32 1 0
main/config/config.go:103.27,104.33 1 0
main/config/config.go:105.19,106.25 1 0
main/config/config.go:110.2,110.33 1 0
main/config/config.go:110.33,112.3 1 0
main/config/config.go:113.2,113.20 1 0
main/internal/alpha2/countries.go:5.40,6.75 1 0
main/internal/alpha2/countries.go:6.75,8.3 1 0
main/internal/alpha2/countries.go:9.2,9.15 1 0
main/internal/model/email.go:14.37,16.2 1 0
main/internal/model/incident.go:12.40,14.2 1 0
main/internal/model/mms.go:15.35,17.2 1 0
main/internal/model/sms.go:16.35,18.2 1 0
main/internal/model/support.go:12.39,14.2 1 0
main/internal/model/voice.go:19.41,21.2 1 0
main/sl/sl.go:9.31,14.2 1 0
main/internal/fileutil/openfile.go:20.59,24.16 2 30
main/internal/fileutil/openfile.go:24.16,26.3 1 10
main/internal/fileutil/openfile.go:27.2,31.16 3 20
main/internal/fileutil/openfile.go:31.16,33.3 1 0
main/internal/fileutil/openfile.go:35.2,35.34 1 20
main/internal/fileutil/openfile.go:35.34,37.3 1 0
main/internal/fileutil/openfile.go:38.2,41.19 2 20
main/internal/fileutil/openfile.go:41.19,43.3 1 10
main/internal/fileutil/openfile.go:43.8,43.45 1 10
main/internal/fileutil/openfile.go:43.45,45.3 1 0
main/internal/fileutil/openfile.go:45.8,49.17 2 10
main/internal/fileutil/openfile.go:49.17,51.4 1 0
main/internal/fileutil/openfile.go:53.3,53.9 1 10
main/internal/textutil/split.go:6.66,7.16 1 60
main/internal/textutil/split.go:7.16,9.3 1 10
main/internal/textutil/split.go:10.2,10.31 1 50
main/internal/textutil/split.go:10.31,12.3 1 0
main/internal/textutil/split.go:15.2,20.33 4 50
main/internal/textutil/split.go:20.33,21.21 1 770
main/internal/textutil/split.go:21.21,25.4 3 90
main/internal/textutil/split.go:28.3,28.22 1 770
main/internal/textutil/split.go:28.22,30.4 1 10
main/internal/textutil/split.go:34.2,37.29 2 40
main/internal/textutil/split.go:37.29,39.3 1 30
main/internal/textutil/split.go:41.2,41.22 1 10
main/internal/validatestruct/validate.go:13.13,14.71 1 1
main/internal/validatestruct/validate.go:14.71,18.3 3 0
main/internal/validatestruct/validate.go:22.26,25.2 1 30
main/internal/validatestruct/validate.go:34.62,36.2 1 30
main/internal/validatestruct/validate.go:39.42,42.50 1 10
main/internal/validatestruct/validate.go:42.50,46.3 1 0
main/internal/validatestruct/validate.go:47.2,47.18 1 10
main/smsdata/fetch.go:29.95,35.16 3 110
main/smsdata/fetch.go:35.16,38.3 2 0
main/smsdata/fetch.go:44.2,44.34 1 110
main/smsdata/fetch.go:44.34,46.3 1 0
main/smsdata/fetch.go:49.2,53.29 3 110
main/smsdata/fetch.go:53.29,55.10 2 610
main/smsdata/fetch.go:55.10,56.12 1 80
main/smsdata/fetch.go:58.3,62.38 2 530
main/smsdata/fetch.go:62.38,64.4 1 360
main/smsdata/fetch.go:68.2,68.17 1 110
main/smsdata/process.go:28.3,29.20 1 0
main/smsdata/process.go:29.20,33.18 3 0
main/smsdata/process.go:33.18,36.4 2 0
main/smsdata/process.go:38.3,41.17 3 0
main/smsdata/process.go:41.17,43.84 1 0
main/smsdata/process.go:43.84,46.5 2 0
main/smsdata/process.go:47.4,48.14 2 0
main/smsdata/process.go:52.3,52.10 1 0
main/smsdata/process.go:53.21,55.14 2 0
main/smsdata/process.go:56.11,56.11 0 0
main/smsdata/process.go:59.3,68.35 6 0
main/smsdata/process.go:68.35,70.4 1 0
main/smsdata/process.go:72.3,77.13 3 0
main/smsdata/process.go:91.51,95.24 3 20
main/smsdata/process.go:95.24,97.3 1 50
main/smsdata/process.go:100.2,103.61 3 20
main/smsdata/process.go:103.61,105.3 1 80
main/smsdata/process.go:108.2,111.60 3 20
main/smsdata/process.go:111.60,113.3 1 50
main/smsdata/process.go:116.2,116.45 1 20
main/internal/httpx/fetch.go:28.16,33.16 4 50
main/internal/httpx/fetch.go:33.16,36.3 2 0
main/internal/httpx/fetch.go:38.2,39.16 2 50
main/internal/httpx/fetch.go:39.16,42.3 2 20
main/internal/httpx/fetch.go:43.2,43.15 1 30
main/internal/httpx/fetch.go:43.15,48.3 2 30
main/internal/httpx/fetch.go:50.2,50.50 1 30
main/internal/httpx/fetch.go:50.50,54.3 3 10
main/internal/httpx/fetch.go:56.2,57.16 2 20
main/internal/httpx/fetch.go:57.16,60.3 2 10
main/internal/httpx/fetch.go:62.2,67.19 2 10
main/billingstat/fetch.go:15.97,22.16 4 30
main/billingstat/fetch.go:22.16,25.3 2 10
main/billingstat/fetch.go:31.2,31.34 1 20
main/billingstat/fetch.go:31.34,33.3 1 0
main/billingstat/fetch.go:35.2,36.16 2 20
main/billingstat/fetch.go:36.16,39.3 2 10
main/billingstat/fetch.go:41.2,41.17 1 10
main/billingstat/fetch.go:44.67,45.19 1 20
main/billingstat/fetch.go:45.19,48.3 2 10
main/billingstat/fetch.go:50.2,51.16 2 10
main/billingstat/fetch.go:51.16,53.3 1 0
main/billingstat/fetch.go:55.2,62.12 7 10
main/billingstat/fetch.go:65.39,66.11 1 420
main/billingstat/fetch.go:67.11,68.19 1 230
main/billingstat/fetch.go:69.11,70.20 1 180
main/billingstat/fetch.go:71.10,73.93 1 10
main/billingstat/fetch.go:78.32,80.2 1 230
main/billingstat/fetch.go:82.51,87.37 3 70
main/billingstat/fetch.go:87.37,91.17 2 420
main/billingstat/fetch.go:91.17,93.4 1 10
main/billingstat/fetch.go:95.3,95.8 1 410
main/billingstat/fetch.go:95.8,97.4 1 230
main/billingstat/fetch.go:98.3,98.6 1 410
main/billingstat/fetch.go:100.2,100.17 1 60
main/billingstat/process.go:26.3,27.20 1 40
main/billingstat/process.go:27.20,30.18 3 40
main/billingstat/process.go:30.18,33.4 2 40
main/billingstat/process.go:35.3,38.17 3 40
main/billingstat/process.go:38.17,40.84 1 20
main/billingstat/process.go:40.84,43.5 2 10
main/billingstat/process.go:44.4,45.14 2 10
main/billingstat/process.go:49.3,49.10 1 20
main/billingstat/process.go:50.21,52.14 2 10
main/billingstat/process.go:53.11,53.11 0 10
main/billingstat/process.go:57.3,65.13 6 10
main/incidentdata/fetch.go:23.85,24.19 1 30
main/incidentdata/fetch.go:24.19,26.3 1 0
main/incidentdata/fetch.go:27.2,27.53 1 30
main/incidentdata/fetch.go:30.72,31.56 1 30
main/incidentdata/fetch.go:31.56,33.3 1 30
main/incidentdata/fetch.go:35.2,42.3 1 30
main/incidentdata/process.go:20.103,22.2 1 0
main/incidentdata/process.go:35.3,37.20 1 50
main/incidentdata/process.go:37.20,41.18 3 50
main/incidentdata/process.go:41.18,44.4 2 20
main/incidentdata/process.go:46.3,51.17 4 50
main/incidentdata/process.go:51.17,53.84 1 30
main/incidentdata/process.go:53.84,56.5 2 20
main/incidentdata/process.go:57.4,58.14 2 10
main/incidentdata/process.go:62.3,62.10 1 20
main/incidentdata/process.go:63.21,65.14 2 10
main/incidentdata/process.go:66.11,66.11 0 10
main/incidentdata/process.go:70.3,81.13 7 10
main/incidentdata/process.go:86.66,87.20 1 70
main/incidentdata/process.go:87.20,89.3 1 10
main/incidentdata/process.go:90.2,93.25 2 60
main/incidentdata/process.go:93.25,94.27 1 250
main/incidentdata/process.go:94.27,96.4 1 110
main/incidentdata/process.go:99.2,99.25 1 60
main/incidentdata/process.go:99.25,100.27 1 250
main/incidentdata/process.go:100.27,102.4 1 140
main/incidentdata/process.go:105.2,105.12 1 60
main/internal/jsonx/decodeverify.go:31.68,34.2 2 120
main/internal/jsonx/decodeverify.go:40.78,43.2 2 10
main/internal/jsonx/decodeverify.go:45.85,48.16 2 130
main/internal/jsonx/decodeverify.go:48.16,50.3 1 0
main/internal/jsonx/decodeverify.go:51.2,52.21 2 130
main/internal/jsonx/decodeverify.go:52.21,55.3 1 10
main/internal/jsonx/decodeverify.go:57.2,59.17 2 120
main/internal/jsonx/decodeverify.go:59.17,62.42 2 50220
main/internal/jsonx/decodeverify.go:62.42,63.34 1 0
main/internal/jsonx/decodeverify.go:63.34,65.5 1 0
main/internal/jsonx/decodeverify.go:66.4,66.12 1 0
main/internal/jsonx/decodeverify.go:69.3,72.42 4 50220
main/internal/jsonx/decodeverify.go:72.42,73.34 1 40
main/internal/jsonx/decodeverify.go:73.34,75.5 1 20
main/internal/jsonx/decodeverify.go:76.4,76.12 1 20
main/internal/jsonx/decodeverify.go:79.3,79.41 1 50180
main/internal/jsonx/decodeverify.go:79.41,80.40 1 50140
main/internal/jsonx/decodeverify.go:80.40,81.35 1 20
main/internal/jsonx/decodeverify.go:81.35,83.6 1 0
main/internal/jsonx/decodeverify.go:84.5,84.13 1 20
main/internal/jsonx/decodeverify.go:86.9,86.51 1 40
main/internal/jsonx/decodeverify.go:86.51,87.46 1 40
main/internal/jsonx/decodeverify.go:87.46,88.21 1 20
main/internal/jsonx/decodeverify.go:88.21,90.6 1 10
main/internal/jsonx/decodeverify.go:91.5,91.13 1 10
main/internal/jsonx/decodeverify.go:95.3,95.23 1 50140
main/internal/jsonx/decodeverify.go:99.2,100.16 2 90
main/internal/jsonx/decodeverify.go:100.16,102.3 1 10
main/internal/jsonx/decodeverify.go:103.2,103.48 1 80
main/internal/jsonx/decodeverify.go:103.48,105.3 1 0
main/internal/jsonx/decodeverify.go:107.2,107.17 1 80
main/emaildata/fetch.go:32.97,39.16 3 80
main/emaildata/fetch.go:39.16,42.3 2 0
main/emaildata/fetch.go:48.2,48.34 1 80
main/emaildata/fetch.go:48.34,50.3 1 0
main/emaildata/fetch.go:53.2,57.29 3 80
main/emaildata/fetch.go:57.29,59.10 2 310
main/emaildata/fetch.go:59.10,60.12 1 40
main/emaildata/fetch.go:63.3,65.17 2 270
main/emaildata/fetch.go:65.17,66.12 1 10
main/emaildata/fetch.go:70.3,76.38 2 260
main/emaildata/fetch.go:76.38,78.4 1 220
main/emaildata/fetch.go:81.2,81.17 1 80
main/emaildata/process.go:30.3,31.20 1 30
main/emaildata/process.go:31.20,35.18 3 30
main/emaildata/process.go:35.18,38.4 2 30
main/emaildata/process.go:40.3,43.17 3 30
main/emaildata/process.go:43.17,45.84 1 10
main/emaildata/process.go:45.84,48.5 2 0
main/emaildata/process.go:49.4,50.14 2 10
main/emaildata/process.go:54.3,54.10 1 20
main/emaildata/process.go:55.21,57.14 2 10
main/emaildata/process.go:58.11,58.11 0 10
main/emaildata/process.go:61.3,70.35 6 10
main/emaildata/process.go:70.35,72.4 1 20
main/emaildata/process.go:74.3,79.13 3 10
main/emaildata/process.go:85.69,94.23 3 60
main/emaildata/process.go:94.23,96.37 2 550
main/emaildata/process.go:96.37,98.4 1 110
main/emaildata/process.go:99.3,102.35 4 550
main/emaildata/process.go:105.2,107.46 2 60
main/emaildata/process.go:107.46,110.36 2 110
main/emaildata/process.go:110.36,117.4 2 490
main/emaildata/process.go:120.3,120.61 1 110
main/emaildata/process.go:120.61,121.39 1 817
main/emaildata/process.go:121.39,123.5 1 554
main/emaildata/process.go:124.4,124.39 1 263
main/emaildata/process.go:124.39,126.5 1 243
main/emaildata/process.go:127.4,127.50 1 20
main/emaildata/process.go:131.3,132.23 2 110
main/emaildata/process.go:132.23,134.4 1 10
main/emaildata/process.go:135.3,140.24 4 110
main/emaildata/process.go:140.24,142.4 1 10
main/emaildata/process.go:143.3,147.45 3 110
main/emaildata/process.go:150.2,150.12 1 60
main/voicedata/fetch.go:36.101,42.16 3 120
main/voicedata/fetch.go:42.16,45.3 2 10
main/voicedata/fetch.go:51.2,51.34 1 110
main/voicedata/fetch.go:51.34,53.3 1 20
main/voicedata/fetch.go:56.2,60.38 3 90
main/voicedata/fetch.go:60.38,62.10 2 410
main/voicedata/fetch.go:62.10,63.12 1 60
main/voicedata/fetch.go:66.3,68.17 2 350
main/voicedata/fetch.go:68.17,69.12 1 10
main/voicedata/fetch.go:71.3,73.17 2 340
main/voicedata/fetch.go:73.17,74.12 1 10
main/voicedata/fetch.go:76.3,78.17 2 330
main/voicedata/fetch.go:78.17,79.12 1 40
main/voicedata/fetch.go:81.3,83.17 2 290
main/voicedata/fetch.go:83.17,84.12 1 0
main/voicedata/fetch.go:88.3,99.38 2 290
main/voicedata/fetch.go:99.38,101.4 1 170
main/voicedata/fetch.go:105.2,105.24 1 90
main/voicedata/process.go:25.3,26.20 1 40
main/voicedata/process.go:26.20,30.18 3 40
main/voicedata/process.go:30.18,33.4 2 10
main/voicedata/process.go:35.3,38.17 3 40
main/voicedata/process.go:38.17,40.84 1 30
main/voicedata/process.go:40.84,43.5 2 20
main/voicedata/process.go:44.4,45.14 2 10
main/voicedata/process.go:49.3,49.10 1 10
main/voicedata/process.go:50.21,52.14 2 0
main/voicedata/process.go:53.11,53.11 0 10
main/voicedata/process.go:57.3,66.13 6 10
main/internal/mainfetcher/mainfetcher.go:27.24,135.16 7 0
main/internal/mainfetcher/mainfetcher.go:135.16,137.3 1 0
main/internal/mainfetcher/mainfetcher.go:140.2,140.31 1 0
main/internal/mainfetcher/mainfetcher.go:190.11,191.54 1 0
main/internal/mainfetcher/mainfetcher.go:191.54,193.3 1 0
main/internal/mainfetcher/mainfetcher.go:199.11,200.54 1 0
main/internal/mainfetcher/mainfetcher.go:200.54,202.3 1 0
main/internal/mainfetcher/mainfetcher.go:205.138,227.21 7 30
main/internal/mainfetcher/mainfetcher.go:227.21,229.3 1 30
main/internal/mainfetcher/mainfetcher.go:229.8,239.3 1 0
main/internal/mainfetcher/mainfetcher.go:243.2,243.23 1 30
main/internal/mainfetcher/mainfetcher.go:243.23,245.3 1 80
main/internal/mainfetcher/mainfetcher.go:261.2,265.14 3 30
main/internal/mainfetcher/mainfetcher.go:269.47,271.22 1 180
main/internal/mainfetcher/mainfetcher.go:271.22,273.3 1 40
main/internal/mainfetcher/mainfetcher.go:274.2,274.31 1 140
main/internal/mainfetcher/mainfetcher.go:274.31,275.22 1 140
main/internal/mainfetcher/mainfetcher.go:275.22,277.4 1 10
main/internal/mainfetcher/mainfetcher.go:281.2,281.22 1 130
main/internal/mainfetcher/mainfetcher.go:281.22,283.3 1 10
main/internal/mainfetcher/mainfetcher.go:284.2,284.31 1 120
main/internal/mainfetcher/mainfetcher.go:284.31,285.22 1 120
main/internal/mainfetcher/mainfetcher.go:285.22,287.4 1 10
main/internal/mainfetcher/mainfetcher.go:291.2,291.28 1 110
main/internal/mainfetcher/mainfetcher.go:291.28,293.3 1 10
main/internal/mainfetcher/mainfetcher.go:296.2,296.43 1 100
main/internal/mainfetcher/mainfetcher.go:296.43,298.3 1 20
main/internal/mainfetcher/mainfetcher.go:299.2,299.35 1 80
main/internal/mainfetcher/mainfetcher.go:299.35,300.24 1 80
main/internal/mainfetcher/mainfetcher.go:300.24,302.4 1 10
main/internal/mainfetcher/mainfetcher.go:303.3,303.34 1 70
main/internal/mainfetcher/mainfetcher.go:303.34,304.24 1 70
main/internal/mainfetcher/mainfetcher.go:304.24,306.5 1 10
main/internal/mainfetcher/mainfetcher.go:311.2,311.42 1 60
main/internal/mainfetcher/mainfetcher.go:311.42,313.3 1 20
main/internal/mainfetcher/mainfetcher.go:316.2,316.26 1 40
main/internal/mainfetcher/mainfetcher.go:316.26,318.3 1 10
main/internal/mainfetcher/mainfetcher.go:321.2,321.28 1 30
main/internal/mainfetcher/mainfetcher.go:321.28,323.3 1 10
main/internal/mainfetcher/mainfetcher.go:325.2,325.12 1 20
main/internal/mainfetcher/mainfetcher.go:329.46,330.46 1 50
main/internal/mainfetcher/mainfetcher.go:330.46,337.3 1 40
main/internal/mainfetcher/mainfetcher.go:340.2,344.3 1 10
main/internal/httpserver/server.go:39.45,40.24 1 10
main/internal/httpserver/server.go:40.24,42.13 2 1
main/internal/httpserver/server.go:42.13,44.8 2 1
main/internal/httpserver/server.go:44.8,45.12 1 1
main/internal/httpserver/server.go:46.16,51.22 5 0
main/internal/httpserver/server.go:52.23,53.12 1 1
main/internal/httpserver/server.go:61.127,66.48 4 0
main/internal/httpserver/server.go:66.48,73.3 2 0
main/internal/httpserver/server.go:76.2,83.14 6 0
main/internal/httpserver/server.go:87.91,89.16 2 0
main/internal/httpserver/server.go:89.16,91.3 1 0
main/internal/httpserver/server.go:92.2,92.52 1 0
main/internal/httpserver/server.go:95.113,110.51 4 10
main/internal/httpserver/server.go:110.51,110.71 1 10
main/internal/httpserver/server.go:119.2,121.12 2 10
main/internal/httpserver/server.go:121.12,125.80 2 10
main/internal/httpserver/server.go:125.80,127.4 1 0
main/internal/httpserver/server.go:127.9,130.4 1 10
main/internal/httpserver/server.go:134.2,134.9 1 10
main/internal/httpserver/server.go:135.26,143.51 4 10
main/internal/httpserver/server.go:143.51,146.4 2 0
main/internal/httpserver/server.go:147.3,147.16 1 10
main/internal/httpserver/server.go:149.21,151.13 1 0
main/internal/httpserver/server.go:180.85,185.54 2 30
main/internal/httpserver/server.go:185.54,193.10 4 30
main/internal/httpserver/server.go:194.21,195.10 1 20
main/internal/httpserver/server.go:196.11,196.11 0 10
main/internal/httpserver/server.go:199.3,202.76 3 10
main/internal/httpserver/server.go:202.76,205.4 2 0
main/mmsdata/fetch.go:23.85,24.19 1 90
main/mmsdata/fetch.go:24.19,26.3 1 0
main/mmsdata/fetch.go:27.2,27.53 1 90
main/mmsdata/fetch.go:30.67,31.51 1 90
main/mmsdata/fetch.go:31.51,33.3 1 50
main/mmsdata/fetch.go:35.2,42.3 1 90
main/mmsdata/process.go:30.3,32.20 1 0
main/mmsdata/process.go:32.20,36.18 3 0
main/mmsdata/process.go:36.18,39.4 2 0
main/mmsdata/process.go:41.3,46.17 4 0
main/mmsdata/process.go:46.17,48.84 1 0
main/mmsdata/process.go:48.84,51.5 2 0
main/mmsdata/process.go:52.4,53.14 2 0
main/mmsdata/process.go:57.3,57.10 1 0
main/mmsdata/process.go:58.21,60.14 2 0
main/mmsdata/process.go:61.11,61.11 0 0
main/mmsdata/process.go:65.3,74.35 6 0
main/mmsdata/process.go:74.35,76.4 1 0
main/mmsdata/process.go:78.3,83.13 3 0
main/mmsdata/process.go:97.51,101.24 3 40
main/mmsdata/process.go:101.24,103.3 1 180
main/mmsdata/process.go:106.2,109.61 3 40
main/mmsdata/process.go:109.61,111.3 1 350
main/mmsdata/process.go:114.2,117.60 3 40
main/mmsdata/process.go:117.60,119.3 1 330
main/mmsdata/process.go:122.2,122.45 1 40
main/support/fetch.go:23.85,24.19 1 80
main/support/fetch.go:24.19,26.3 1 0
main/support/fetch.go:27.2,27.53 1 80
main/support/fetch.go:30.71,31.55 1 80
main/support/fetch.go:31.55,33.3 1 50
main/support/fetch.go:35.2,42.3 1 80
main/support/process.go:21.100,23.2 1 0
main/support/process.go:36.3,38.20 1 50
main/support/process.go:38.20,42.18 3 50
main/support/process.go:42.18,45.4 2 20
main/support/process.go:47.3,52.17 4 50
main/support/process.go:52.17,54.84 1 30
main/support/process.go:54.84,57.5 2 30
main/support/process.go:58.4,59.14 2 0
main/support/process.go:63.3,63.10 1 20
main/support/process.go:64.21,66.14 2 10
main/support/process.go:67.11,67.11 0 10
main/support/process.go:71.3,82.13 7 10
main/support/process.go:91.53,97.25 4 80
main/support/process.go:97.25,98.26 1 150
main/support/process.go:98.26,100.4 1 130
main/support/process.go:104.2,108.9 3 80
main/support/process.go:109.21,110.16 1 30
main/support/process.go:111.23,112.16 1 30
main/support/process.go:113.10,114.16 1 20
main/support/process.go:117.2,117.38 1 80
